<?xml version="1.0" encoding="UTF-8"?>
<!-- Generated by org.testng.reporters.JUnitReportReporter -->
<testsuite skipped="0" hostname="SEZT1FF221NCU" name="com.qa.opencart.tests.LoginPageTest" tests="3" failures="0" timestamp="03 Jul 2021 15:29:39 GMT" time="3.810" errors="0">
  <testcase name="forgotPwdLinkTest" time="0.228" classname="com.qa.opencart.tests.LoginPageTest"/>
  <testcase name="loginPageTitleTest" time="0.167" classname="com.qa.opencart.tests.LoginPageTest"/>
  <testcase name="loginTest" time="3.415" classname="com.qa.opencart.tests.LoginPageTest"/>
</testsuite> <!-- com.qa.opencart.tests.LoginPageTest -->
