<?xml version="1.0" encoding="UTF-8"?>
<!-- Generated by org.testng.reporters.JUnitReportReporter -->
<testsuite skipped="0" hostname="SEZT1FF221NCU" name="com.qa.opencart.tests.LoginPageTest" tests="3" failures="0" timestamp="2021-06-27T12:31:23 IST" time="2.782" errors="0">
  <testcase name="forgotPwdLinkTest" time="0.070" classname="com.qa.opencart.tests.LoginPageTest"/>
  <system-out/>
  <testcase name="loginTest" time="2.661" classname="com.qa.opencart.tests.LoginPageTest"/>
  <system-out/>
  <testcase name="loginPageTitleTest" time="0.051" classname="com.qa.opencart.tests.LoginPageTest"/>
  <system-out/>
</testsuite> <!-- com.qa.opencart.tests.LoginPageTest -->
