<?xml version="1.0" encoding="UTF-8"?>
<!-- Generated by org.testng.reporters.JUnitReportReporter -->
<testsuite skipped="0" hostname="SEZT1FF221NCU" name="com.qa.opencart.tests.LoginPageTest" tests="3" failures="0" timestamp="04 Jul 2021 13:04:05 GMT" time="6.438" errors="0">
  <testcase name="loginPageTitleTest" time="0.023" classname="com.qa.opencart.tests.LoginPageTest"/>
  <testcase name="loginTest" time="5.454" classname="com.qa.opencart.tests.LoginPageTest"/>
  <testcase name="forgotPwdLinkTest" time="0.961" classname="com.qa.opencart.tests.LoginPageTest"/>
</testsuite> <!-- com.qa.opencart.tests.LoginPageTest -->
