<?xml version="1.0" encoding="UTF-8"?>
<!-- Generated by org.testng.reporters.JUnitReportReporter -->
<testsuite skipped="0" hostname="SEZT1FF221NCU" name="com.qa.opencart.tests.LoginPageTest" tests="3" failures="0" timestamp="25 Aug 2021 06:55:25 GMT" time="6.086" errors="0">
  <testcase name="loginTest" time="4.910" classname="com.qa.opencart.tests.LoginPageTest"/>
  <testcase name="forgotPwdLinkTest" time="1.149" classname="com.qa.opencart.tests.LoginPageTest"/>
  <testcase name="loginPageTitleTest" time="0.027" classname="com.qa.opencart.tests.LoginPageTest"/>
</testsuite> <!-- com.qa.opencart.tests.LoginPageTest -->
