<?xml version="1.0" encoding="UTF-8"?>
<!-- Generated by org.testng.reporters.JUnitReportReporter -->
<testsuite skipped="0" hostname="SEZT1FF221NCU" name="com.qa.opencart.tests.ProductInfoPageTest" tests="1" failures="0" timestamp="2021-06-29T17:23:47 IST" time="7.241" errors="0">
  <testcase name="productInfoTest" time="7.241" classname="com.qa.opencart.tests.ProductInfoPageTest"/>
  <system-out/>
</testsuite> <!-- com.qa.opencart.tests.ProductInfoPageTest -->
