<?xml version="1.0" encoding="UTF-8"?>
<!-- Generated by org.testng.reporters.JUnitReportReporter -->
<testsuite skipped="0" hostname="SEZT1FF221NCU" name="com.qa.opencart.tests.RegistrationPageTest" tests="3" failures="0" timestamp="03 Jul 2021 15:29:39 GMT" time="18.556" errors="0">
  <testcase name="userRegistrationTest" time="6.252" classname="com.qa.opencart.tests.RegistrationPageTest"/>
  <testcase name="userRegistrationTest" time="6.136" classname="com.qa.opencart.tests.RegistrationPageTest"/>
  <testcase name="userRegistrationTest" time="6.168" classname="com.qa.opencart.tests.RegistrationPageTest"/>
</testsuite> <!-- com.qa.opencart.tests.RegistrationPageTest -->
