<?xml version="1.0" encoding="UTF-8"?>
<!-- Generated by org.testng.reporters.JUnitReportReporter -->
<testsuite skipped="0" hostname="SEZT1FF221NCU" name="com.qa.opencart.tests.AccountsPageTest" tests="5" failures="0" timestamp="2021-06-27T12:30:43 IST" time="0.227" errors="0">
  <testcase name="accPageSectionsListTest" time="0.145" classname="com.qa.opencart.tests.AccountsPageTest"/>
  <system-out/>
  <testcase name="accPageTitleTest" time="0.007" classname="com.qa.opencart.tests.AccountsPageTest"/>
  <system-out/>
  <testcase name="headerTest" time="0.020" classname="com.qa.opencart.tests.AccountsPageTest"/>
  <system-out/>
  <testcase name="logoutLinkTest" time="0.034" classname="com.qa.opencart.tests.AccountsPageTest"/>
  <system-out/>
  <testcase name="searchExistTest" time="0.021" classname="com.qa.opencart.tests.AccountsPageTest"/>
  <system-out/>
</testsuite> <!-- com.qa.opencart.tests.AccountsPageTest -->
